<?xml version="1.0" encoding="UTF-8"?>
<testsuite xmlns:xsi="http://www.w3.org/2001/XMLSchema-instance" xsi:noNamespaceSchemaLocation="https://maven.apache.org/surefire/maven-surefire-plugin/xsd/surefire-test-report-3.0.xsd" version="3.0" name="TestSuite" time="52.452" tests="3" errors="0" skipped="0" failures="0">
  <properties>
[...]
</properties>
  <testcase name="runScenario[&quot;Search the flights&quot;, &quot;Automate Kayak Website&quot;](1)" classname="runner.TestRunner" time="13.084">
    <system-out><![CDATA[
Scenario Outline: Search the flights                                               &amp#27;[90m# Features/SearchFlight.feature:21&amp#27;[0m
  &amp#27;[32mGiven &amp#27;[0m&amp#27;[32mThe &amp#27;[0m&amp#27;[32m&amp#27;[1m"chrome"&amp#27;[0m&amp#27;[32m browser is open&amp#27;[0m                                               &amp#27;[90m# stepDefinitions.SearchFlightPageSteps.the_browser_is_open(java.lang.String)&amp#27;[0m
  &amp#27;[32mAnd &amp#27;[0m&amp#27;[32mUser enters website &amp#27;[0m&amp#27;[32m&amp#27;[1m"http://www.kayak.com"&amp#27;[0m                                   &amp#27;[90m# stepDefinitions.SearchFlightPageSteps.user_enters_website(java.lang.String)&amp#27;[0m
  &amp#27;[32mThen &amp#27;[0m&amp#27;[32mthe webpage should load&amp#27;[0m                                                     &amp#27;[90m# stepDefinitions.SearchFlightPageSteps.the_webpage_should_load()&amp#27;[0m
From>> Nearby airport not provided
  &amp#27;[32mWhen &amp#27;[0m&amp#27;[32mUser enters &amp#27;[0m&amp#27;[32m&amp#27;[1m"Vegas"&amp#27;[0m&amp#27;[32m and &amp#27;[0m&amp#27;[32m&amp#27;[1m"San Francisco"&amp#27;[0m&amp#27;[32m cities&amp#27;[0m                              &amp#27;[90m# stepDefinitions.SearchFlightPageSteps.user_enters_origin_and_destination_cities(java.lang.String,java.lang.String)&amp#27;[0m
2023-04 
  &amp#27;[32mAnd &amp#27;[0m&amp#27;[32mUser selects departure and return dates&amp#27;[0m                                      &amp#27;[90m# stepDefinitions.SearchFlightPageSteps.select_departure_and_return_dates(io.cucumber.datatable.DataTable)&amp#27;[0m
    | departure  | return     |
    | 2023-03-13 | 2023-04-15 |
compare chcekbox>>>>>> 1
javascriptUncheckBox() :false
  &amp#27;[32mThen &amp#27;[0m&amp#27;[32mClick Search&amp#27;[0m                                                                &amp#27;[90m# stepDefinitions.SearchFlightPageSteps.click_search()&amp#27;[0m
windows: CDwindow-0BA6F2612255C3C9A94F1EBD414DD874
closing the popup
Step DONE>> User selects a flight from the results!!
  &amp#27;[32mWhen &amp#27;[0m&amp#27;[32mUser selects a flight from the results&amp#27;[0m                                      &amp#27;[90m# stepDefinitions.SearchFlightPageSteps.user_selects_a_flight_from_the_results()&amp#27;[0m
from city Vegas
validate origin airport : Las Vegas Harry Reid Intl - LAS
Step DONE>> Validate Origin airport is  same as the one entered in the main screen
  &amp#27;[32mThen &amp#27;[0m&amp#27;[32mValidate Origin airport is  same as the one entered in the main screen&amp#27;[0m      &amp#27;[90m# stepDefinitions.SearchFlightPageSteps.validate_origin_airport_is_same_as_the_one_entered_in_the_main_screen()&amp#27;[0m
 toCity : San Francisco
validate destination airport : San Francisco - SFO
Step DONE>> Validate Destination airport is  same as the one entered in the main screen
  &amp#27;[32mThen &amp#27;[0m&amp#27;[32mValidate  Destination airport is same as the one entered in the main screen&amp#27;[0m &amp#27;[90m# stepDefinitions.SearchFlightPageSteps.validate_destination_airport_is_same_as_the_one_entered_in_the_main_screen()&amp#27;[0m
Departs: Mon, Mar 13
Before formatting From  :2023-03-13 Depart Date : Mon, Mar 13
dateFormat()Mon Mar 13 00:00:00 PDT 2023
after formatting From  :Mon Mar 13 00:00:00 PDT 2023 Depart Date : Mon Mar 13
Step DONE>> Validate departure date is  same as the one entered in the main screen
  &amp#27;[32mThen &amp#27;[0m&amp#27;[32mValidate departure date is same as the one entered in the main screen&amp#27;[0m       &amp#27;[90m# stepDefinitions.SearchFlightPageSteps.validate_departure_date_is_same_as_the_one_entered_in_the_main_screen()&amp#27;[0m
Arrives :Sat, Apr 15
Before formatting From  :2023-04-15 Depart Date : Sat, Apr 15
dateFormat()Sat Apr 15 00:00:00 PDT 2023
after formatting From  :Sat Apr 15 00:00:00 PDT 2023 Depart Date : Sat Apr 15
Step DONE>> Validate arrival date is  same as the one entered in the main screen
  &amp#27;[32mThen &amp#27;[0m&amp#27;[32mValidate arrival date is same as the one entered in the main screen&amp#27;[0m         &amp#27;[90m# stepDefinitions.SearchFlightPageSteps.validate_arrival_date_is_same_as_the_one_entered_in_the_main_screen()&amp#27;[0m
Connecting flights :2
 WebElemtn :Alaska Airlines 776
10:23 pm
Las Vegas Harry Reid Intl (LAS)
1h 35m
11:58 pm
San Francisco (SFO)
Saver
Boeing 737-900 (winglets) (Narrow-body jet)
 WebElemtn :Frontier 2078
10:39 pm
San Francisco (SFO)
1h 38m
12:17 am
Las Vegas Harry Reid Intl (LAS)
Arrives Sun, Apr 16
Economy
Airbus A320-100/200
Step DONE>> log all the flight details to the reports
  &amp#27;[32mThen &amp#27;[0m&amp#27;[32mlog all the flight details to the reports&amp#27;[0m                                   &amp#27;[90m# stepDefinitions.SearchFlightPageSteps.log_all_the_flight_details_to_the_reports()&amp#27;[0m
**************After SCenario ********

    Alaska Airlines 776


    10:23 pm


    Las Vegas Harry Reid Intl (LAS)


    1h 35m


    11:58 pm


    San Francisco (SFO)


    Saver


    Boeing 737-900 (winglets) (Narrow-body jet)


    ***********


    Frontier 2078


    10:39 pm


    San Francisco (SFO)


    1h 38m


    12:17 am


    Las Vegas Harry Reid Intl (LAS)


    Arrives Sun, Apr 16


    Economy


    Airbus A320-100/200


    ***********

]]></system-out>
    <system-err><![CDATA[SLF4J: Failed to load class "org.slf4j.impl.StaticLoggerBinder".
SLF4J: Defaulting to no-operation (NOP) logger implementation
SLF4J: See http://www.slf4j.org/codes.html#StaticLoggerBinder for further details.
Starting ChromeDriver 110.0.5481.77 (65ed616c6e8ee3fe0ad64fe83796c020644d42af-refs/branch-heads/5481@{#839}) on port 25730
Only local connections are allowed.
Please see https://chromedriver.chromium.org/security-considerations for suggestions on keeping ChromeDriver safe.
ChromeDriver was started successfully.
[1677314533.544][WARNING]: virtual void DevToolsClientImpl::AddListener(DevToolsEventListener *) subscribing a listener to the already connected DevToolsClient. Connection notification will not arrive.
Feb 25, 2023 12:42:13 AM org.openqa.selenium.devtools.CdpVersionFinder findNearestMatch
WARNING: Unable to find an exact match for CDP version 110, so returning the closest version found: 108
]]></system-err>
  </testcase>
  <testcase name="runScenario[&quot;Search the flights&quot;, &quot;Automate Kayak Website&quot;](2)" classname="runner.TestRunner" time="18.105">
    <system-out><![CDATA[
Scenario Outline: Search the flights                                               &amp#27;[90m# Features/SearchFlight.feature:22&amp#27;[0m
  &amp#27;[32mGiven &amp#27;[0m&amp#27;[32mThe &amp#27;[0m&amp#27;[32m&amp#27;[1m"chrome"&amp#27;[0m&amp#27;[32m browser is open&amp#27;[0m                                               &amp#27;[90m# stepDefinitions.SearchFlightPageSteps.the_browser_is_open(java.lang.String)&amp#27;[0m
  &amp#27;[32mAnd &amp#27;[0m&amp#27;[32mUser enters website &amp#27;[0m&amp#27;[32m&amp#27;[1m"http://www.kayak.com"&amp#27;[0m                                   &amp#27;[90m# stepDefinitions.SearchFlightPageSteps.user_enters_website(java.lang.String)&amp#27;[0m
  &amp#27;[32mThen &amp#27;[0m&amp#27;[32mthe webpage should load&amp#27;[0m                                                     &amp#27;[90m# stepDefinitions.SearchFlightPageSteps.the_webpage_should_load()&amp#27;[0m
From>> Nearby airport not provided
6 CBG
 *
 *
 *
matching airport found: CBG
  &amp#27;[32mWhen &amp#27;[0m&amp#27;[32mUser enters &amp#27;[0m&amp#27;[32m&amp#27;[1m"SFO"&amp#27;[0m&amp#27;[32m and &amp#27;[0m&amp#27;[32m&amp#27;[1m"London-CBG"&amp#27;[0m&amp#27;[32m cities&amp#27;[0m                                   &amp#27;[90m# stepDefinitions.SearchFlightPageSteps.user_enters_origin_and_destination_cities(java.lang.String,java.lang.String)&amp#27;[0m
2023-04 
  &amp#27;[32mAnd &amp#27;[0m&amp#27;[32mUser selects departure and return dates&amp#27;[0m                                      &amp#27;[90m# stepDefinitions.SearchFlightPageSteps.select_departure_and_return_dates(io.cucumber.datatable.DataTable)&amp#27;[0m
    | departure  | return     |
    | 2023-03-13 | 2023-04-15 |
compare chcekbox>>>>>> 1
javascriptUncheckBox() :false
  &amp#27;[32mThen &amp#27;[0m&amp#27;[32mClick Search&amp#27;[0m                                                                &amp#27;[90m# stepDefinitions.SearchFlightPageSteps.click_search()&amp#27;[0m
windows: CDwindow-D8CCEFCABF4C14EC959354B342295533
Step DONE>> User selects a flight from the results!!
  &amp#27;[32mWhen &amp#27;[0m&amp#27;[32mUser selects a flight from the results&amp#27;[0m                                      &amp#27;[90m# stepDefinitions.SearchFlightPageSteps.user_selects_a_flight_from_the_results()&amp#27;[0m
from city SFO
validate origin airport : San Francisco - SFO
Step DONE>> Validate Origin airport is  same as the one entered in the main screen
  &amp#27;[32mThen &amp#27;[0m&amp#27;[32mValidate Origin airport is  same as the one entered in the main screen&amp#27;[0m      &amp#27;[90m# stepDefinitions.SearchFlightPageSteps.validate_origin_airport_is_same_as_the_one_entered_in_the_main_screen()&amp#27;[0m
 toCity : London
validate destination airport : London Heathrow - LHR
Step DONE>> Validate Destination airport is  same as the one entered in the main screen
  &amp#27;[32mThen &amp#27;[0m&amp#27;[32mValidate  Destination airport is same as the one entered in the main screen&amp#27;[0m &amp#27;[90m# stepDefinitions.SearchFlightPageSteps.validate_destination_airport_is_same_as_the_one_entered_in_the_main_screen()&amp#27;[0m
Departs: Mon, Mar 13
Before formatting From  :2023-03-13 Depart Date : Mon, Mar 13
dateFormat()Mon Mar 13 00:00:00 PDT 2023
after formatting From  :Mon Mar 13 00:00:00 PDT 2023 Depart Date : Mon Mar 13
Step DONE>> Validate departure date is  same as the one entered in the main screen
  &amp#27;[32mThen &amp#27;[0m&amp#27;[32mValidate departure date is same as the one entered in the main screen&amp#27;[0m       &amp#27;[90m# stepDefinitions.SearchFlightPageSteps.validate_departure_date_is_same_as_the_one_entered_in_the_main_screen()&amp#27;[0m
Arrives :Sat, Apr 15
Before formatting From  :2023-04-15 Depart Date : Sat, Apr 15
dateFormat()Sat Apr 15 00:00:00 PDT 2023
after formatting From  :Sat Apr 15 00:00:00 PDT 2023 Depart Date : Sat Apr 15
Step DONE>> Validate arrival date is  same as the one entered in the main screen
  &amp#27;[32mThen &amp#27;[0m&amp#27;[32mValidate arrival date is same as the one entered in the main screen&amp#27;[0m         &amp#27;[90m# stepDefinitions.SearchFlightPageSteps.validate_arrival_date_is_same_as_the_one_entered_in_the_main_screen()&amp#27;[0m
Connecting flights :2
 WebElemtn :United Airlines 930
8:05 pm
San Francisco (SFO)
10h 30m
Overnight flight
1:35 pm
London Heathrow (LHR)
Arrives Tue, Mar 14
Basic Economy
Boeing 787-9 Dreamliner (Wide-body jet)
 WebElemtn :United Airlines 939
2:10 pm
London Heathrow (LHR)
10h 55m
5:05 pm
San Francisco (SFO)
Basic Economy
Boeing 787-9 Dreamliner (Wide-body jet)
Step DONE>> log all the flight details to the reports
  &amp#27;[32mThen &amp#27;[0m&amp#27;[32mlog all the flight details to the reports&amp#27;[0m                                   &amp#27;[90m# stepDefinitions.SearchFlightPageSteps.log_all_the_flight_details_to_the_reports()&amp#27;[0m
**************After SCenario ********

    United Airlines 930


    8:05 pm


    San Francisco (SFO)


    10h 30m


    Overnight flight


    1:35 pm


    London Heathrow (LHR)


    Arrives Tue, Mar 14


    Basic Economy


    Boeing 787-9 Dreamliner (Wide-body jet)


    ***********


    United Airlines 939


    2:10 pm


    London Heathrow (LHR)


    10h 55m


    5:05 pm


    San Francisco (SFO)


    Basic Economy


    Boeing 787-9 Dreamliner (Wide-body jet)


    ***********

]]></system-out>
    <system-err><![CDATA[Starting ChromeDriver 110.0.5481.77 (65ed616c6e8ee3fe0ad64fe83796c020644d42af-refs/branch-heads/5481@{#839}) on port 42616
Only local connections are allowed.
Please see https://chromedriver.chromium.org/security-considerations for suggestions on keeping ChromeDriver safe.
ChromeDriver was started successfully.
[1677314545.558][WARNING]: virtual void DevToolsClientImpl::AddListener(DevToolsEventListener *) subscribing a listener to the already connected DevToolsClient. Connection notification will not arrive.
Feb 25, 2023 12:42:25 AM org.openqa.selenium.devtools.CdpVersionFinder findNearestMatch
WARNING: Unable to find an exact match for CDP version 110, so returning the closest version found: 108
No popup showed
]]></system-err>
  </testcase>
  <testcase name="runScenario[&quot;Search the flights&quot;, &quot;Automate Kayak Website&quot;](3)" classname="runner.TestRunner" time="17.555">
    <system-out><![CDATA[
Scenario Outline: Search the flights                                               &amp#27;[90m# Features/SearchFlight.feature:23&amp#27;[0m
  &amp#27;[32mGiven &amp#27;[0m&amp#27;[32mThe &amp#27;[0m&amp#27;[32m&amp#27;[1m"chrome"&amp#27;[0m&amp#27;[32m browser is open&amp#27;[0m                                               &amp#27;[90m# stepDefinitions.SearchFlightPageSteps.the_browser_is_open(java.lang.String)&amp#27;[0m
  &amp#27;[32mAnd &amp#27;[0m&amp#27;[32mUser enters website &amp#27;[0m&amp#27;[32m&amp#27;[1m"http://www.kayak.com"&amp#27;[0m                                   &amp#27;[90m# stepDefinitions.SearchFlightPageSteps.user_enters_website(java.lang.String)&amp#27;[0m
  &amp#27;[32mThen &amp#27;[0m&amp#27;[32mthe webpage should load&amp#27;[0m                                                     &amp#27;[90m# stepDefinitions.SearchFlightPageSteps.the_webpage_should_load()&amp#27;[0m
5 San Jose
*
*
matching airport found: San Jose
  &amp#27;[32mWhen &amp#27;[0m&amp#27;[32mUser enters &amp#27;[0m&amp#27;[32m&amp#27;[1m"SFO-San Jose"&amp#27;[0m&amp#27;[32m and &amp#27;[0m&amp#27;[32m&amp#27;[1m"BOM"&amp#27;[0m&amp#27;[32m cities&amp#27;[0m                                 &amp#27;[90m# stepDefinitions.SearchFlightPageSteps.user_enters_origin_and_destination_cities(java.lang.String,java.lang.String)&amp#27;[0m
2023-04 
  &amp#27;[32mAnd &amp#27;[0m&amp#27;[32mUser selects departure and return dates&amp#27;[0m                                      &amp#27;[90m# stepDefinitions.SearchFlightPageSteps.select_departure_and_return_dates(io.cucumber.datatable.DataTable)&amp#27;[0m
    | departure  | return     |
    | 2023-03-13 | 2023-04-15 |
compare chcekbox>>>>>> 1
javascriptUncheckBox() :false
  &amp#27;[32mThen &amp#27;[0m&amp#27;[32mClick Search&amp#27;[0m                                                                &amp#27;[90m# stepDefinitions.SearchFlightPageSteps.click_search()&amp#27;[0m
windows: CDwindow-3774B3460CBC936620A43540BBB154BC
Step DONE>> User selects a flight from the results!!
  &amp#27;[32mWhen &amp#27;[0m&amp#27;[32mUser selects a flight from the results&amp#27;[0m                                      &amp#27;[90m# stepDefinitions.SearchFlightPageSteps.user_selects_a_flight_from_the_results()&amp#27;[0m
from city SFO
validate origin airport : San Francisco - SFO
Step DONE>> Validate Origin airport is  same as the one entered in the main screen
  &amp#27;[32mThen &amp#27;[0m&amp#27;[32mValidate Origin airport is  same as the one entered in the main screen&amp#27;[0m      &amp#27;[90m# stepDefinitions.SearchFlightPageSteps.validate_origin_airport_is_same_as_the_one_entered_in_the_main_screen()&amp#27;[0m
 toCity : BOM
validate destination airport : Mumbai Chhatrapati Shivaji Intl - BOM
Step DONE>> Validate Destination airport is  same as the one entered in the main screen
  &amp#27;[32mThen &amp#27;[0m&amp#27;[32mValidate  Destination airport is same as the one entered in the main screen&amp#27;[0m &amp#27;[90m# stepDefinitions.SearchFlightPageSteps.validate_destination_airport_is_same_as_the_one_entered_in_the_main_screen()&amp#27;[0m
Departs: Mon, Mar 13
Before formatting From  :2023-03-13 Depart Date : Mon, Mar 13
dateFormat()Mon Mar 13 00:00:00 PDT 2023
after formatting From  :Mon Mar 13 00:00:00 PDT 2023 Depart Date : Mon Mar 13
Step DONE>> Validate departure date is  same as the one entered in the main screen
  &amp#27;[32mThen &amp#27;[0m&amp#27;[32mValidate departure date is same as the one entered in the main screen&amp#27;[0m       &amp#27;[90m# stepDefinitions.SearchFlightPageSteps.validate_departure_date_is_same_as_the_one_entered_in_the_main_screen()&amp#27;[0m
Arrives :Sat, Apr 15
Before formatting From  :2023-04-15 Depart Date : Sat, Apr 15
dateFormat()Sat Apr 15 00:00:00 PDT 2023
after formatting From  :Sat Apr 15 00:00:00 PDT 2023 Depart Date : Sat Apr 15
Step DONE>> Validate arrival date is  same as the one entered in the main screen
  &amp#27;[32mThen &amp#27;[0m&amp#27;[32mValidate arrival date is same as the one entered in the main screen&amp#27;[0m         &amp#27;[90m# stepDefinitions.SearchFlightPageSteps.validate_arrival_date_is_same_as_the_one_entered_in_the_main_screen()&amp#27;[0m
Connecting flights :3
 WebElemtn :Air India 174
10:30 am
San Francisco (SFO)
16h 15m
3:15 pm
New Delhi Indira Gandhi Intl (DEL)
Arrives Tue, Mar 14
Economy
Boeing 777-200LR
2h 35m
•
Change planes in New Delhi (DEL)
 WebElemtn :Air India 441
5:50 pm
New Delhi Indira Gandhi Intl (DEL)
2h 25m
8:15 pm
Mumbai Chhatrapati Shivaji Intl (BOM)
Economy
Airbus A320neo
 WebElemtn :Air India 179
2:30 pm
Mumbai Chhatrapati Shivaji Intl (BOM)
16h 00m
Overnight flight
6:00 pm
San Francisco (SFO)
Economy
Boeing 777-200LR
Step DONE>> log all the flight details to the reports
  &amp#27;[32mThen &amp#27;[0m&amp#27;[32mlog all the flight details to the reports&amp#27;[0m                                   &amp#27;[90m# stepDefinitions.SearchFlightPageSteps.log_all_the_flight_details_to_the_reports()&amp#27;[0m
**************After SCenario ********

    Air India 174


    10:30 am


    San Francisco (SFO)


    16h 15m


    3:15 pm


    New Delhi Indira Gandhi Intl (DEL)


    Arrives Tue, Mar 14


    Economy


    Boeing 777-200LR


    2h 35m


    •


    Change planes in New Delhi (DEL)


    ***********


    Air India 441


    5:50 pm


    New Delhi Indira Gandhi Intl (DEL)


    2h 25m


    8:15 pm


    Mumbai Chhatrapati Shivaji Intl (BOM)


    Economy


    Airbus A320neo


    ***********


    Air India 179


    2:30 pm


    Mumbai Chhatrapati Shivaji Intl (BOM)


    16h 00m


    Overnight flight


    6:00 pm


    San Francisco (SFO)


    Economy


    Boeing 777-200LR


    ***********

]]></system-out>
    <system-err><![CDATA[Starting ChromeDriver 110.0.5481.77 (65ed616c6e8ee3fe0ad64fe83796c020644d42af-refs/branch-heads/5481@{#839}) on port 19398
Only local connections are allowed.
Please see https://chromedriver.chromium.org/security-considerations for suggestions on keeping ChromeDriver safe.
ChromeDriver was started successfully.
[1677314563.520][WARNING]: virtual void DevToolsClientImpl::AddListener(DevToolsEventListener *) subscribing a listener to the already connected DevToolsClient. Connection notification will not arrive.
Feb 25, 2023 12:42:43 AM org.openqa.selenium.devtools.CdpVersionFinder findNearestMatch
WARNING: Unable to find an exact match for CDP version 110, so returning the closest version found: 108
No popup showed
]]></system-err>
  </testcase>
</testsuite>