<?xml version="1.0" encoding="UTF-8"?>
<testng-results ignored="0" total="3" passed="3" failed="0" skipped="0">
  <reporter-output>
  </reporter-output>
  <suite started-at="2023-02-25T00:42:10 PST" name="Suite" finished-at="2023-02-25T00:43:02 PST" duration-ms="51857">
    <groups>
      <group name="cucumber">
        <method signature="AbstractTestNGCucumberTests.runScenario(io.cucumber.testng.PickleWrapper,io.cucumber.testng.FeatureWrapper)[pri:0, instance:runner.TestRunner@1d2adfbe]" name="runScenario" class="io.cucumber.testng.AbstractTestNGCucumberTests"/>
      </group> <!-- cucumber -->
    </groups>
    <test started-at="2023-02-25T00:42:10 PST" name="Test" finished-at="2023-02-25T00:43:02 PST" duration-ms="51857">
      <class name="runner.TestRunner">
        <test-method is-config="true" signature="setUpClass(org.testng.ITestContext)[pri:0, instance:runner.TestRunner@1d2adfbe]" started-at="2023-02-25T00:42:10 PST" name="setUpClass" finished-at="2023-02-25T00:42:11 PST" duration-ms="820" status="PASS">
          <params>
            <param index="0">
              <value>
                <![CDATA[org.testng.TestRunner@3006bfb]]>
              </value>
            </param>
          </params>
          <reporter-output>
          </reporter-output>
        </test-method> <!-- setUpClass -->
        <test-method signature="runScenario(io.cucumber.testng.PickleWrapper,io.cucumber.testng.FeatureWrapper)[pri:0, instance:runner.TestRunner@1d2adfbe]" started-at="2023-02-25T00:42:11 PST" name="runScenario" description="Runs Cucumber Scenarios" data-provider="scenarios" finished-at="2023-02-25T00:42:24 PST" duration-ms="13086" status="PASS">
          <params>
            <param index="0">
              <value>
                <![CDATA["Search the flights"]]>
              </value>
            </param>
            <param index="1">
              <value>
                <![CDATA["Automate Kayak Website"]]>
              </value>
            </param>
          </params>
          <reporter-output>
          </reporter-output>
        </test-method> <!-- runScenario -->
        <test-method signature="runScenario(io.cucumber.testng.PickleWrapper,io.cucumber.testng.FeatureWrapper)[pri:0, instance:runner.TestRunner@1d2adfbe]" started-at="2023-02-25T00:42:24 PST" name="runScenario" description="Runs Cucumber Scenarios" data-provider="scenarios" finished-at="2023-02-25T00:42:42 PST" duration-ms="18114" status="PASS">
          <params>
            <param index="0">
              <value>
                <![CDATA["Search the flights"]]>
              </value>
            </param>
            <param index="1">
              <value>
                <![CDATA["Automate Kayak Website"]]>
              </value>
            </param>
          </params>
          <reporter-output>
          </reporter-output>
        </test-method> <!-- runScenario -->
        <test-method signature="runScenario(io.cucumber.testng.PickleWrapper,io.cucumber.testng.FeatureWrapper)[pri:0, instance:runner.TestRunner@1d2adfbe]" started-at="2023-02-25T00:42:42 PST" name="runScenario" description="Runs Cucumber Scenarios" data-provider="scenarios" finished-at="2023-02-25T00:43:00 PST" duration-ms="17550" status="PASS">
          <params>
            <param index="0">
              <value>
                <![CDATA["Search the flights"]]>
              </value>
            </param>
            <param index="1">
              <value>
                <![CDATA["Automate Kayak Website"]]>
              </value>
            </param>
          </params>
          <reporter-output>
          </reporter-output>
        </test-method> <!-- runScenario -->
        <test-method is-config="true" signature="tearDownClass()[pri:0, instance:runner.TestRunner@1d2adfbe]" started-at="2023-02-25T00:43:00 PST" name="tearDownClass" finished-at="2023-02-25T00:43:02 PST" duration-ms="2246" status="PASS">
          <reporter-output>
          </reporter-output>
        </test-method> <!-- tearDownClass -->
      </class> <!-- runner.TestRunner -->
    </test> <!-- Test -->
  </suite> <!-- Suite -->
</testng-results>
