<?xml version="1.0" encoding="UTF-8"?>
<testng-results ignored="0" total="3" passed="3" failed="0" skipped="0">
  <reporter-output>
  </reporter-output>
  <suite started-at="2023-02-22T11:48:53 PST" name="Default suite" finished-at="2023-02-22T11:49:47 PST" duration-ms="53976">
    <groups>
      <group name="cucumber">
        <method signature="AbstractTestNGCucumberTests.runScenario(io.cucumber.testng.PickleWrapper,io.cucumber.testng.FeatureWrapper)[pri:0, instance:runner.TestRunner@557caf28]" name="runScenario" class="io.cucumber.testng.AbstractTestNGCucumberTests"/>
      </group> <!-- cucumber -->
    </groups>
    <test started-at="2023-02-22T11:48:53 PST" name="Default test" finished-at="2023-02-22T11:49:47 PST" duration-ms="53976">
      <class name="runner.TestRunner">
        <test-method is-config="true" signature="setUpClass(org.testng.ITestContext)[pri:0, instance:runner.TestRunner@557caf28]" started-at="2023-02-22T11:48:53 PST" name="setUpClass" finished-at="2023-02-22T11:48:54 PST" duration-ms="612" status="PASS">
          <params>
            <param index="0">
              <value>
                <![CDATA[org.testng.TestRunner@3620eab]]>
              </value>
            </param>
          </params>
          <reporter-output>
          </reporter-output>
        </test-method> <!-- setUpClass -->
        <test-method signature="runScenario(io.cucumber.testng.PickleWrapper,io.cucumber.testng.FeatureWrapper)[pri:0, instance:runner.TestRunner@557caf28]" started-at="2023-02-22T11:48:54 PST" name="runScenario" description="Runs Cucumber Scenarios" data-provider="scenarios" finished-at="2023-02-22T11:49:07 PST" duration-ms="12532" status="PASS">
          <params>
            <param index="0">
              <value>
                <![CDATA["Search the flights"]]>
              </value>
            </param>
            <param index="1">
              <value>
                <![CDATA["Automate Kayak Website"]]>
              </value>
            </param>
          </params>
          <reporter-output>
          </reporter-output>
        </test-method> <!-- runScenario -->
        <test-method signature="runScenario(io.cucumber.testng.PickleWrapper,io.cucumber.testng.FeatureWrapper)[pri:0, instance:runner.TestRunner@557caf28]" started-at="2023-02-22T11:49:07 PST" name="runScenario" description="Runs Cucumber Scenarios" data-provider="scenarios" finished-at="2023-02-22T11:49:27 PST" duration-ms="20549" status="PASS">
          <params>
            <param index="0">
              <value>
                <![CDATA["Search the flights"]]>
              </value>
            </param>
            <param index="1">
              <value>
                <![CDATA["Automate Kayak Website"]]>
              </value>
            </param>
          </params>
          <reporter-output>
          </reporter-output>
        </test-method> <!-- runScenario -->
        <test-method signature="runScenario(io.cucumber.testng.PickleWrapper,io.cucumber.testng.FeatureWrapper)[pri:0, instance:runner.TestRunner@557caf28]" started-at="2023-02-22T11:49:27 PST" name="runScenario" description="Runs Cucumber Scenarios" data-provider="scenarios" finished-at="2023-02-22T11:49:45 PST" duration-ms="18028" status="PASS">
          <params>
            <param index="0">
              <value>
                <![CDATA["Search the flights"]]>
              </value>
            </param>
            <param index="1">
              <value>
                <![CDATA["Automate Kayak Website"]]>
              </value>
            </param>
          </params>
          <reporter-output>
          </reporter-output>
        </test-method> <!-- runScenario -->
        <test-method is-config="true" signature="tearDownClass()[pri:0, instance:runner.TestRunner@557caf28]" started-at="2023-02-22T11:49:45 PST" name="tearDownClass" finished-at="2023-02-22T11:49:47 PST" duration-ms="2223" status="PASS">
          <reporter-output>
          </reporter-output>
        </test-method> <!-- tearDownClass -->
      </class> <!-- runner.TestRunner -->
    </test> <!-- Default test -->
  </suite> <!-- Default suite -->
</testng-results>
